publisher, smoke, 0, 1536356282619
publisher, smoke, 1, 1536356282736
publisher, smoke, 2, 1536356282842
publisher, smoke, 3, 1536356282945
publisher, smoke, 4, 1536356283051
publisher, smoke, 5, 1536356283154
publisher, smoke, 6, 1536356283258
publisher, smoke, 7, 1536356283364
publisher, smoke, 8, 1536356283468
publisher, smoke, 9, 1536356283572
publisher, smoke, 10, 1536356283677
publisher, smoke, 11, 1536356283781
publisher, smoke, 12, 1536356283886
publisher, smoke, 13, 1536356283990
publisher, smoke, 14, 1536356284095
publisher, smoke, 15, 1536356284201
publisher, smoke, 16, 1536356284306
publisher, smoke, 17, 1536356284408
publisher, smoke, 18, 1536356284512
publisher, smoke, 19, 1536356284617
publisher, smoke, 20, 1536356284718
publisher, smoke, 21, 1536356284819
publisher, smoke, 22, 1536356284921
publisher, smoke, 23, 1536356285025
publisher, smoke, 24, 1536356285128
publisher, smoke, 25, 1536356285233
publisher, smoke, 26, 1536356285338
publisher, smoke, 27, 1536356285440
publisher, smoke, 28, 1536356285546
publisher, smoke, 29, 1536356285649
publisher, smoke, 30, 1536356285755
publisher, smoke, 31, 1536356285858
publisher, smoke, 32, 1536356285959
publisher, smoke, 33, 1536356286061
publisher, smoke, 34, 1536356286165
publisher, smoke, 35, 1536356286270
publisher, smoke, 36, 1536356286375
publisher, smoke, 37, 1536356286479
publisher, smoke, 38, 1536356286583
publisher, smoke, 39, 1536356286687
publisher, smoke, 40, 1536356286795
publisher, smoke, 41, 1536356286898
publisher, smoke, 42, 1536356287002
publisher, smoke, 43, 1536356287105
publisher, smoke, 44, 1536356287209
publisher, smoke, 45, 1536356287313
publisher, smoke, 46, 1536356287418
publisher, smoke, 47, 1536356287522
publisher, smoke, 48, 1536356287625
publisher, smoke, 49, 1536356287730
publisher, smoke, 50, 1536356287832
publisher, smoke, 51, 1536356287933
publisher, smoke, 52, 1536356288037
publisher, smoke, 53, 1536356288141
publisher, smoke, 54, 1536356288245
publisher, smoke, 55, 1536356288349
publisher, smoke, 56, 1536356288454
publisher, smoke, 57, 1536356288558
publisher, smoke, 58, 1536356288660
publisher, smoke, 59, 1536356288765
publisher, smoke, 60, 1536356288867
publisher, smoke, 61, 1536356288973
publisher, smoke, 62, 1536356289079
publisher, smoke, 63, 1536356289180
publisher, smoke, 64, 1536356289284
publisher, smoke, 65, 1536356289387
publisher, smoke, 66, 1536356289491
publisher, smoke, 67, 1536356289596
publisher, smoke, 68, 1536356289699
publisher, smoke, 69, 1536356289800
publisher, smoke, 70, 1536356289905
publisher, smoke, 71, 1536356290009
publisher, smoke, 72, 1536356290110
publisher, smoke, 73, 1536356290215
publisher, smoke, 74, 1536356290319
publisher, smoke, 75, 1536356290422
publisher, smoke, 76, 1536356290525
publisher, smoke, 77, 1536356290631
publisher, smoke, 78, 1536356290735
publisher, smoke, 79, 1536356290840
publisher, smoke, 80, 1536356290944
publisher, smoke, 81, 1536356291049
publisher, smoke, 82, 1536356291153
publisher, smoke, 83, 1536356291258
publisher, smoke, 84, 1536356291364
publisher, smoke, 85, 1536356291468
publisher, smoke, 86, 1536356291569
publisher, smoke, 87, 1536356291673
publisher, smoke, 88, 1536356291778
publisher, smoke, 89, 1536356291880
publisher, smoke, 90, 1536356291984
publisher, smoke, 91, 1536356292090
publisher, smoke, 92, 1536356292195
publisher, smoke, 93, 1536356292298
publisher, smoke, 94, 1536356292402
publisher, smoke, 95, 1536356292508
publisher, smoke, 96, 1536356292611
publisher, smoke, 97, 1536356292715
publisher, smoke, 98, 1536356292818
publisher, smoke, 99, 1536356292921
publisher, smoke, 100, 1536356293026
publisher, smoke, 101, 1536356293130
publisher, smoke, 102, 1536356293235
publisher, smoke, 103, 1536356293338
publisher, smoke, 104, 1536356293441
publisher, smoke, 105, 1536356293545
publisher, smoke, 106, 1536356293650
publisher, smoke, 107, 1536356293754
publisher, smoke, 108, 1536356293859
publisher, smoke, 109, 1536356293961
publisher, smoke, 110, 1536356294067
publisher, smoke, 111, 1536356294169
publisher, smoke, 112, 1536356294273
publisher, smoke, 113, 1536356294377
publisher, smoke, 114, 1536356294482
publisher, smoke, 115, 1536356294585
publisher, smoke, 116, 1536356294688
publisher, smoke, 117, 1536356294790
publisher, smoke, 118, 1536356294895
publisher, smoke, 119, 1536356294998
publisher, smoke, 120, 1536356295101
publisher, smoke, 121, 1536356295206
publisher, smoke, 122, 1536356295308
publisher, smoke, 123, 1536356295413
publisher, smoke, 124, 1536356295518
publisher, smoke, 125, 1536356295623
publisher, smoke, 126, 1536356295729
publisher, smoke, 127, 1536356295832
publisher, smoke, 128, 1536356295938
publisher, smoke, 129, 1536356296042
publisher, smoke, 130, 1536356296145
publisher, smoke, 131, 1536356296250
publisher, smoke, 132, 1536356296355
publisher, smoke, 133, 1536356296459
publisher, smoke, 134, 1536356296565
publisher, smoke, 135, 1536356296668
publisher, smoke, 136, 1536356296769
publisher, smoke, 137, 1536356296874
publisher, smoke, 138, 1536356296978
publisher, smoke, 139, 1536356297084
publisher, smoke, 140, 1536356297188
publisher, smoke, 141, 1536356297292
publisher, smoke, 142, 1536356297398
publisher, smoke, 143, 1536356297500
publisher, smoke, 144, 1536356297604
publisher, smoke, 145, 1536356297708
publisher, smoke, 146, 1536356297812
publisher, smoke, 147, 1536356297915
publisher, smoke, 148, 1536356298018
publisher, smoke, 149, 1536356298122
publisher, smoke, 150, 1536356298225
publisher, smoke, 151, 1536356298328
publisher, smoke, 152, 1536356298433
publisher, smoke, 153, 1536356298538
publisher, smoke, 154, 1536356298642
publisher, smoke, 155, 1536356298745
publisher, smoke, 156, 1536356298851
publisher, smoke, 157, 1536356298955
publisher, smoke, 158, 1536356299060
publisher, smoke, 159, 1536356299164
publisher, smoke, 160, 1536356299269
publisher, smoke, 161, 1536356299373
publisher, smoke, 162, 1536356299478
publisher, smoke, 163, 1536356299581
publisher, smoke, 164, 1536356299687
publisher, smoke, 165, 1536356299788
publisher, smoke, 166, 1536356299893
publisher, smoke, 167, 1536356299998
publisher, smoke, 168, 1536356300103
publisher, smoke, 169, 1536356300209
publisher, smoke, 170, 1536356300314
publisher, smoke, 171, 1536356300418
publisher, smoke, 172, 1536356300523
publisher, smoke, 173, 1536356300628
publisher, smoke, 174, 1536356300731
publisher, smoke, 175, 1536356300834
publisher, smoke, 176, 1536356300938
publisher, smoke, 177, 1536356301041
publisher, smoke, 178, 1536356301146
publisher, smoke, 179, 1536356301248
publisher, smoke, 180, 1536356301353
publisher, smoke, 181, 1536356301458
publisher, smoke, 182, 1536356301560
publisher, smoke, 183, 1536356301661
publisher, smoke, 184, 1536356301765
publisher, smoke, 185, 1536356301870
publisher, smoke, 186, 1536356301975
publisher, smoke, 187, 1536356302078
publisher, smoke, 188, 1536356302181
publisher, smoke, 189, 1536356302285
publisher, smoke, 190, 1536356302388
publisher, smoke, 191, 1536356302489
publisher, smoke, 192, 1536356302594
publisher, smoke, 193, 1536356302698
publisher, smoke, 194, 1536356302800
publisher, smoke, 195, 1536356302905
publisher, smoke, 196, 1536356303008
publisher, smoke, 197, 1536356303112
publisher, smoke, 198, 1536356303217
publisher, smoke, 199, 1536356303321
publisher, smoke, 200, 1536356303425
publisher, smoke, 201, 1536356303528
publisher, smoke, 202, 1536356303629
publisher, smoke, 203, 1536356303730
publisher, smoke, 204, 1536356303835
publisher, smoke, 205, 1536356303938
publisher, smoke, 206, 1536356304042
publisher, smoke, 207, 1536356304145
publisher, smoke, 208, 1536356304247
publisher, smoke, 209, 1536356304352
publisher, smoke, 210, 1536356304457
publisher, smoke, 211, 1536356304557
publisher, smoke, 212, 1536356304660
publisher, smoke, 213, 1536356304765
publisher, smoke, 214, 1536356304868
publisher, smoke, 215, 1536356304973
publisher, smoke, 216, 1536356305078
publisher, smoke, 217, 1536356305180
publisher, smoke, 218, 1536356305284
publisher, smoke, 219, 1536356305389
publisher, smoke, 220, 1536356305495
publisher, smoke, 221, 1536356305600
publisher, smoke, 222, 1536356305705
publisher, smoke, 223, 1536356305809
publisher, smoke, 224, 1536356305914
publisher, smoke, 225, 1536356306018
publisher, smoke, 226, 1536356306124
publisher, smoke, 227, 1536356306228
publisher, smoke, 228, 1536356306331
publisher, smoke, 229, 1536356306434
publisher, smoke, 230, 1536356306540
publisher, smoke, 231, 1536356306644
publisher, smoke, 232, 1536356306748
publisher, smoke, 233, 1536356306853
publisher, smoke, 234, 1536356306958
publisher, smoke, 235, 1536356307062
publisher, smoke, 236, 1536356307167
publisher, smoke, 237, 1536356307268
publisher, smoke, 238, 1536356307373
publisher, smoke, 239, 1536356307477
publisher, smoke, 240, 1536356307581
publisher, smoke, 241, 1536356307685
publisher, smoke, 242, 1536356307790
publisher, smoke, 243, 1536356307896
publisher, smoke, 244, 1536356308001
publisher, smoke, 245, 1536356308105
publisher, smoke, 246, 1536356308208
publisher, smoke, 247, 1536356308313
publisher, smoke, 248, 1536356308418
publisher, smoke, 249, 1536356308525
publisher, smoke, 250, 1536356308628
publisher, smoke, 251, 1536356308729
publisher, smoke, 252, 1536356308832
publisher, smoke, 253, 1536356308935
publisher, smoke, 254, 1536356309038
publisher, smoke, 255, 1536356309145
publisher, smoke, 256, 1536356309251
publisher, smoke, 257, 1536356309354
publisher, smoke, 258, 1536356309458
publisher, smoke, 259, 1536356309560
publisher, smoke, 260, 1536356309665
publisher, smoke, 261, 1536356309768
publisher, smoke, 262, 1536356309873
publisher, smoke, 263, 1536356309978
publisher, smoke, 264, 1536356310079
publisher, smoke, 265, 1536356310184
publisher, smoke, 266, 1536356310288
publisher, smoke, 267, 1536356310391
publisher, smoke, 268, 1536356310494
publisher, smoke, 269, 1536356310600
publisher, smoke, 270, 1536356310705
publisher, smoke, 271, 1536356310809
publisher, smoke, 272, 1536356310913
publisher, smoke, 273, 1536356311018
publisher, smoke, 274, 1536356311119
publisher, smoke, 275, 1536356311220
publisher, smoke, 276, 1536356311325
publisher, smoke, 277, 1536356311427
publisher, smoke, 278, 1536356311532
publisher, smoke, 279, 1536356311638
publisher, smoke, 280, 1536356311738
publisher, smoke, 281, 1536356311839
publisher, smoke, 282, 1536356311943
publisher, smoke, 283, 1536356312048
publisher, smoke, 284, 1536356312151
publisher, smoke, 285, 1536356312254
publisher, smoke, 286, 1536356312357
publisher, smoke, 287, 1536356312458
publisher, smoke, 288, 1536356312561
